INFO  22-05-15 16:24:39[main] [UserTest:55] - Starting UserTest using Java 11.0.12 on hweyoungui-MacBookAir.local with PID 64151 (started by hweyoung in /Users/hweyoung/Desktop/codeus/codeus)
INFO  22-05-15 16:24:39[main] [UserTest:640] - No active profile set, falling back to 1 default profile: "default"
INFO  22-05-15 16:24:41[main] [RepositoryConfigurationDelegate:132] - Bootstrapping Spring Data JPA repositories in DEFAULT mode.
INFO  22-05-15 16:24:41[main] [RepositoryConfigurationDelegate:201] - Finished Spring Data repository scanning in 138 ms. Found 3 JPA repository interfaces.
INFO  22-05-15 16:24:42[main] [LogHelper:31] - HHH000204: Processing PersistenceUnitInfo [name: default]
INFO  22-05-15 16:24:42[main] [Version:44] - HHH000412: Hibernate ORM core version 5.6.7.Final
INFO  22-05-15 16:24:42[main] [Version:56] - HCANN000001: Hibernate Commons Annotations {5.1.2.Final}
INFO  22-05-15 16:24:42[main] [HikariDataSource:110] - HikariPool-1 - Starting...
INFO  22-05-15 16:24:43[main] [HikariDataSource:123] - HikariPool-1 - Start completed.
INFO  22-05-15 16:24:43[main] [Dialect:175] - HHH000400: Using dialect: org.hibernate.dialect.H2Dialect
INFO  22-05-15 16:24:44[main] [p6spy:60] - #1652599484141 | took 5ms | statement | connection 1| url jdbc:h2:file:~/codeus
drop table if exists Group_ CASCADE 
drop table if exists Group_ CASCADE ;
INFO  22-05-15 16:24:44[main] [p6spy:60] - #1652599484144 | took 1ms | statement | connection 1| url jdbc:h2:file:~/codeus
drop table if exists Group__users CASCADE 
drop table if exists Group__users CASCADE ;
INFO  22-05-15 16:24:44[main] [p6spy:60] - #1652599484146 | took 0ms | statement | connection 1| url jdbc:h2:file:~/codeus
drop table if exists Post CASCADE 
drop table if exists Post CASCADE ;
INFO  22-05-15 16:24:44[main] [p6spy:60] - #1652599484149 | took 2ms | statement | connection 1| url jdbc:h2:file:~/codeus
drop table if exists User CASCADE 
drop table if exists User CASCADE ;
INFO  22-05-15 16:24:44[main] [p6spy:60] - #1652599484150 | took 0ms | statement | connection 1| url jdbc:h2:file:~/codeus
drop sequence if exists hibernate_sequence
drop sequence if exists hibernate_sequence;
INFO  22-05-15 16:24:44[main] [p6spy:60] - #1652599484155 | took 2ms | statement | connection 2| url jdbc:h2:file:~/codeus
create sequence hibernate_sequence start with 1 increment by 1
create sequence hibernate_sequence start with 1 increment by 1;
INFO  22-05-15 16:24:44[main] [p6spy:60] - #1652599484159 | took 3ms | statement | connection 2| url jdbc:h2:file:~/codeus
create table Group_ (groupSeq bigint not null, name varchar(255), primary key (groupSeq))
create table Group_ (groupSeq bigint not null, name varchar(255), primary key (groupSeq));
INFO  22-05-15 16:24:44[main] [p6spy:60] - #1652599484161 | took 0ms | statement | connection 2| url jdbc:h2:file:~/codeus
create table Group__users (Group__groupSeq bigint not null, users_user_seq bigint not null)
create table Group__users (Group__groupSeq bigint not null, users_user_seq bigint not null);
INFO  22-05-15 16:24:44[main] [p6spy:60] - #1652599484163 | took 1ms | statement | connection 2| url jdbc:h2:file:~/codeus
create table Post (postSeq bigint not null, code varchar(255), comment varchar(255), groupSeq bigint, qListName varchar(255), qListid bigint, stack varchar(255), userid varchar(255), week bigint, primary key (postSeq))
create table Post (postSeq bigint not null, code varchar(255), comment varchar(255), groupSeq bigint, qListName varchar(255), qListid bigint, stack varchar(255), userid varchar(255), week bigint, primary key (postSeq));
INFO  22-05-15 16:24:44[main] [p6spy:60] - #1652599484168 | took 2ms | statement | connection 2| url jdbc:h2:file:~/codeus
create table User (user_seq bigint generated by default as identity, createdAt timestamp, updatedAt timestamp, group_code varchar(255) not null, id varchar(255) not null, img varchar(255), pwd varchar(255) not null, question varchar(255), primary key (user_seq))
create table User (user_seq bigint generated by default as identity, createdAt timestamp, updatedAt timestamp, group_code varchar(255) not null, id varchar(255) not null, img varchar(255), pwd varchar(255) not null, question varchar(255), primary key (user_seq));
INFO  22-05-15 16:24:44[main] [p6spy:60] - #1652599484170 | took 1ms | statement | connection 2| url jdbc:h2:file:~/codeus
alter table Group__users add constraint UK_592mq8c74jrty5gejaxslwdku unique (users_user_seq)
alter table Group__users add constraint UK_592mq8c74jrty5gejaxslwdku unique (users_user_seq);
INFO  22-05-15 16:24:44[main] [p6spy:60] - #1652599484178 | took 7ms | statement | connection 2| url jdbc:h2:file:~/codeus
alter table Group__users add constraint FK9ydl1ps2ad41hficq3v3q69ht foreign key (users_user_seq) references User
alter table Group__users add constraint FK9ydl1ps2ad41hficq3v3q69ht foreign key (users_user_seq) references User;
INFO  22-05-15 16:24:44[main] [p6spy:60] - #1652599484181 | took 2ms | statement | connection 2| url jdbc:h2:file:~/codeus
alter table Group__users add constraint FKjwn6jag7tnn9os8j7e2hspshy foreign key (Group__groupSeq) references Group_
alter table Group__users add constraint FKjwn6jag7tnn9os8j7e2hspshy foreign key (Group__groupSeq) references Group_;
INFO  22-05-15 16:24:44[main] [JtaPlatformInitiator:52] - HHH000490: Using JtaPlatform implementation: [org.hibernate.engine.transaction.jta.platform.internal.NoJtaPlatform]
INFO  22-05-15 16:24:44[main] [LocalContainerEntityManagerFactoryBean:437] - Initialized JPA EntityManagerFactory for persistence unit 'default'
WARN  22-05-15 16:24:45[main] [JpaBaseConfiguration$JpaWebConfiguration:219] - spring.jpa.open-in-view is enabled by default. Therefore, database queries may be performed during view rendering. Explicitly configure spring.jpa.open-in-view to disable this warning
INFO  22-05-15 16:24:45[main] [H2ConsoleAutoConfiguration:89] - H2 console available at '/h2_db'. Database available at 'jdbc:h2:file:~/codeus'
WARN  22-05-15 16:24:46[main] [ThymeleafAutoConfiguration$DefaultTemplateResolverConfiguration:104] - Cannot find template location: classpath:/templates/ (please add some templates or check your Thymeleaf configuration)
INFO  22-05-15 16:24:46[main] [UserTest:61] - Started UserTest in 7.552 seconds (JVM running for 9.764)
INFO  22-05-15 16:24:46[main] [p6spy:60] - #1652599486669 | took 1ms | rollback | connection 4| url jdbc:h2:file:~/codeus

;
INFO  22-05-15 16:24:46[SpringApplicationShutdownHook] [LocalContainerEntityManagerFactoryBean:651] - Closing JPA EntityManagerFactory for persistence unit 'default'
INFO  22-05-15 16:24:46[SpringApplicationShutdownHook] [HikariDataSource:350] - HikariPool-1 - Shutdown initiated...
INFO  22-05-15 16:24:46[SpringApplicationShutdownHook] [HikariDataSource:352] - HikariPool-1 - Shutdown completed.
INFO  22-05-15 16:28:07[main] [UserTest:55] - Starting UserTest using Java 11.0.12 on hweyoungui-MacBookAir.local with PID 64175 (started by hweyoung in /Users/hweyoung/Desktop/codeus/codeus)
INFO  22-05-15 16:28:07[main] [UserTest:640] - No active profile set, falling back to 1 default profile: "default"
INFO  22-05-15 16:28:08[main] [RepositoryConfigurationDelegate:132] - Bootstrapping Spring Data JPA repositories in DEFAULT mode.
INFO  22-05-15 16:28:08[main] [RepositoryConfigurationDelegate:201] - Finished Spring Data repository scanning in 137 ms. Found 3 JPA repository interfaces.
INFO  22-05-15 16:28:10[main] [LogHelper:31] - HHH000204: Processing PersistenceUnitInfo [name: default]
INFO  22-05-15 16:28:10[main] [Version:44] - HHH000412: Hibernate ORM core version 5.6.7.Final
INFO  22-05-15 16:28:10[main] [Version:56] - HCANN000001: Hibernate Commons Annotations {5.1.2.Final}
INFO  22-05-15 16:28:10[main] [HikariDataSource:110] - HikariPool-1 - Starting...
INFO  22-05-15 16:28:10[main] [HikariDataSource:123] - HikariPool-1 - Start completed.
INFO  22-05-15 16:28:10[main] [Dialect:175] - HHH000400: Using dialect: org.hibernate.dialect.H2Dialect
INFO  22-05-15 16:28:11[main] [p6spy:60] - #1652599691754 | took 5ms | statement | connection 1| url jdbc:h2:file:~/codeus
drop table if exists Group_ CASCADE 
drop table if exists Group_ CASCADE ;
INFO  22-05-15 16:28:11[main] [p6spy:60] - #1652599691757 | took 1ms | statement | connection 1| url jdbc:h2:file:~/codeus
drop table if exists Group__users CASCADE 
drop table if exists Group__users CASCADE ;
INFO  22-05-15 16:28:11[main] [p6spy:60] - #1652599691759 | took 1ms | statement | connection 1| url jdbc:h2:file:~/codeus
drop table if exists Post CASCADE 
drop table if exists Post CASCADE ;
INFO  22-05-15 16:28:11[main] [p6spy:60] - #1652599691762 | took 2ms | statement | connection 1| url jdbc:h2:file:~/codeus
drop table if exists User CASCADE 
drop table if exists User CASCADE ;
INFO  22-05-15 16:28:11[main] [p6spy:60] - #1652599691763 | took 0ms | statement | connection 1| url jdbc:h2:file:~/codeus
drop sequence if exists hibernate_sequence
drop sequence if exists hibernate_sequence;
INFO  22-05-15 16:28:11[main] [p6spy:60] - #1652599691770 | took 2ms | statement | connection 2| url jdbc:h2:file:~/codeus
create sequence hibernate_sequence start with 1 increment by 1
create sequence hibernate_sequence start with 1 increment by 1;
INFO  22-05-15 16:28:11[main] [p6spy:60] - #1652599691777 | took 5ms | statement | connection 2| url jdbc:h2:file:~/codeus
create table Group_ (groupSeq bigint not null, name varchar(255), primary key (groupSeq))
create table Group_ (groupSeq bigint not null, name varchar(255), primary key (groupSeq));
INFO  22-05-15 16:28:11[main] [p6spy:60] - #1652599691779 | took 0ms | statement | connection 2| url jdbc:h2:file:~/codeus
create table Group__users (Group__groupSeq bigint not null, users_user_seq bigint not null)
create table Group__users (Group__groupSeq bigint not null, users_user_seq bigint not null);
INFO  22-05-15 16:28:11[main] [p6spy:60] - #1652599691781 | took 1ms | statement | connection 2| url jdbc:h2:file:~/codeus
create table Post (postSeq bigint not null, code varchar(255), comment varchar(255), groupSeq bigint, qListName varchar(255), qListid bigint, stack varchar(255), userid varchar(255), week bigint, primary key (postSeq))
create table Post (postSeq bigint not null, code varchar(255), comment varchar(255), groupSeq bigint, qListName varchar(255), qListid bigint, stack varchar(255), userid varchar(255), week bigint, primary key (postSeq));
INFO  22-05-15 16:28:11[main] [p6spy:60] - #1652599691785 | took 2ms | statement | connection 2| url jdbc:h2:file:~/codeus
create table User (user_seq bigint generated by default as identity, createdAt timestamp, updatedAt timestamp, group_code varchar(255), id varchar(255) not null, img varchar(255), pwd varchar(255) not null, question varchar(255) not null, primary key (user_seq))
create table User (user_seq bigint generated by default as identity, createdAt timestamp, updatedAt timestamp, group_code varchar(255), id varchar(255) not null, img varchar(255), pwd varchar(255) not null, question varchar(255) not null, primary key (user_seq));
INFO  22-05-15 16:28:11[main] [p6spy:60] - #1652599691787 | took 1ms | statement | connection 2| url jdbc:h2:file:~/codeus
alter table Group__users add constraint UK_592mq8c74jrty5gejaxslwdku unique (users_user_seq)
alter table Group__users add constraint UK_592mq8c74jrty5gejaxslwdku unique (users_user_seq);
INFO  22-05-15 16:28:11[main] [p6spy:60] - #1652599691795 | took 8ms | statement | connection 2| url jdbc:h2:file:~/codeus
alter table Group__users add constraint FK9ydl1ps2ad41hficq3v3q69ht foreign key (users_user_seq) references User
alter table Group__users add constraint FK9ydl1ps2ad41hficq3v3q69ht foreign key (users_user_seq) references User;
INFO  22-05-15 16:28:11[main] [p6spy:60] - #1652599691797 | took 1ms | statement | connection 2| url jdbc:h2:file:~/codeus
alter table Group__users add constraint FKjwn6jag7tnn9os8j7e2hspshy foreign key (Group__groupSeq) references Group_
alter table Group__users add constraint FKjwn6jag7tnn9os8j7e2hspshy foreign key (Group__groupSeq) references Group_;
INFO  22-05-15 16:28:11[main] [JtaPlatformInitiator:52] - HHH000490: Using JtaPlatform implementation: [org.hibernate.engine.transaction.jta.platform.internal.NoJtaPlatform]
INFO  22-05-15 16:28:11[main] [LocalContainerEntityManagerFactoryBean:437] - Initialized JPA EntityManagerFactory for persistence unit 'default'
WARN  22-05-15 16:28:12[main] [JpaBaseConfiguration$JpaWebConfiguration:219] - spring.jpa.open-in-view is enabled by default. Therefore, database queries may be performed during view rendering. Explicitly configure spring.jpa.open-in-view to disable this warning
INFO  22-05-15 16:28:13[main] [H2ConsoleAutoConfiguration:89] - H2 console available at '/h2_db'. Database available at 'jdbc:h2:file:~/codeus'
WARN  22-05-15 16:28:13[main] [ThymeleafAutoConfiguration$DefaultTemplateResolverConfiguration:104] - Cannot find template location: classpath:/templates/ (please add some templates or check your Thymeleaf configuration)
INFO  22-05-15 16:28:13[main] [UserTest:61] - Started UserTest in 7.443 seconds (JVM running for 9.121)
INFO  22-05-15 16:28:14[main] [p6spy:60] - #1652599694245 | took 2ms | statement | connection 4| url jdbc:h2:file:~/codeus
insert into User (user_seq, createdAt, updatedAt, group_code, id, img, pwd, question) values (default, ?, ?, ?, ?, ?, ?, ?)
insert into User (user_seq, createdAt, updatedAt, group_code, id, img, pwd, question) values (default, '2022-05-15T16:28:14.175+0900', '2022-05-15T16:28:14.175+0900', NULL, 'user1', NULL, '1234', '1 질문');
INFO  22-05-15 16:28:14[main] [p6spy:60] - #1652599694266 | took 0ms | commit | connection 4| url jdbc:h2:file:~/codeus

;
INFO  22-05-15 16:28:14[main] [p6spy:60] - #1652599694368 | took 2ms | statement | connection 5| url jdbc:h2:file:~/codeus
select user0_.user_seq as user_seq1_3_, user0_.createdAt as createda2_3_, user0_.updatedAt as updateda3_3_, user0_.group_code as group_co4_3_, user0_.id as id5_3_, user0_.img as img6_3_, user0_.pwd as pwd7_3_, user0_.question as question8_3_ from User user0_
select user0_.user_seq as user_seq1_3_, user0_.createdAt as createda2_3_, user0_.updatedAt as updateda3_3_, user0_.group_code as group_co4_3_, user0_.id as id5_3_, user0_.img as img6_3_, user0_.pwd as pwd7_3_, user0_.question as question8_3_ from User user0_;
INFO  22-05-15 16:28:14[main] [p6spy:60] - #1652599694382 | took 0ms | commit | connection 5| url jdbc:h2:file:~/codeus

;
INFO  22-05-15 16:28:14[SpringApplicationShutdownHook] [LocalContainerEntityManagerFactoryBean:651] - Closing JPA EntityManagerFactory for persistence unit 'default'
INFO  22-05-15 16:28:14[SpringApplicationShutdownHook] [HikariDataSource:350] - HikariPool-1 - Shutdown initiated...
INFO  22-05-15 16:28:14[SpringApplicationShutdownHook] [HikariDataSource:352] - HikariPool-1 - Shutdown completed.
INFO  22-05-15 16:28:46[main] [UserTest:55] - Starting UserTest using Java 11.0.12 on hweyoungui-MacBookAir.local with PID 64181 (started by hweyoung in /Users/hweyoung/Desktop/codeus/codeus)
INFO  22-05-15 16:28:46[main] [UserTest:640] - No active profile set, falling back to 1 default profile: "default"
INFO  22-05-15 16:28:47[main] [RepositoryConfigurationDelegate:132] - Bootstrapping Spring Data JPA repositories in DEFAULT mode.
INFO  22-05-15 16:28:47[main] [RepositoryConfigurationDelegate:201] - Finished Spring Data repository scanning in 143 ms. Found 3 JPA repository interfaces.
INFO  22-05-15 16:28:49[main] [LogHelper:31] - HHH000204: Processing PersistenceUnitInfo [name: default]
INFO  22-05-15 16:28:49[main] [Version:44] - HHH000412: Hibernate ORM core version 5.6.7.Final
INFO  22-05-15 16:28:49[main] [Version:56] - HCANN000001: Hibernate Commons Annotations {5.1.2.Final}
INFO  22-05-15 16:28:49[main] [HikariDataSource:110] - HikariPool-1 - Starting...
INFO  22-05-15 16:28:49[main] [HikariDataSource:123] - HikariPool-1 - Start completed.
INFO  22-05-15 16:28:49[main] [Dialect:175] - HHH000400: Using dialect: org.hibernate.dialect.H2Dialect
INFO  22-05-15 16:28:50[main] [p6spy:60] - #1652599730508 | took 6ms | statement | connection 1| url jdbc:h2:file:~/codeus
drop table if exists Group_ CASCADE 
drop table if exists Group_ CASCADE ;
INFO  22-05-15 16:28:50[main] [p6spy:60] - #1652599730516 | took 3ms | statement | connection 1| url jdbc:h2:file:~/codeus
drop table if exists Group__users CASCADE 
drop table if exists Group__users CASCADE ;
INFO  22-05-15 16:28:50[main] [p6spy:60] - #1652599730517 | took 1ms | statement | connection 1| url jdbc:h2:file:~/codeus
drop table if exists Post CASCADE 
drop table if exists Post CASCADE ;
INFO  22-05-15 16:28:50[main] [p6spy:60] - #1652599730519 | took 1ms | statement | connection 1| url jdbc:h2:file:~/codeus
drop table if exists User CASCADE 
drop table if exists User CASCADE ;
INFO  22-05-15 16:28:50[main] [p6spy:60] - #1652599730522 | took 1ms | statement | connection 1| url jdbc:h2:file:~/codeus
drop sequence if exists hibernate_sequence
drop sequence if exists hibernate_sequence;
INFO  22-05-15 16:28:50[main] [p6spy:60] - #1652599730526 | took 2ms | statement | connection 2| url jdbc:h2:file:~/codeus
create sequence hibernate_sequence start with 1 increment by 1
create sequence hibernate_sequence start with 1 increment by 1;
INFO  22-05-15 16:28:50[main] [p6spy:60] - #1652599730531 | took 4ms | statement | connection 2| url jdbc:h2:file:~/codeus
create table Group_ (groupSeq bigint not null, name varchar(255), primary key (groupSeq))
create table Group_ (groupSeq bigint not null, name varchar(255), primary key (groupSeq));
INFO  22-05-15 16:28:50[main] [p6spy:60] - #1652599730533 | took 0ms | statement | connection 2| url jdbc:h2:file:~/codeus
create table Group__users (Group__groupSeq bigint not null, users_user_seq bigint not null)
create table Group__users (Group__groupSeq bigint not null, users_user_seq bigint not null);
INFO  22-05-15 16:28:50[main] [p6spy:60] - #1652599730534 | took 1ms | statement | connection 2| url jdbc:h2:file:~/codeus
create table Post (postSeq bigint not null, code varchar(255), comment varchar(255), groupSeq bigint, qListName varchar(255), qListid bigint, stack varchar(255), userid varchar(255), week bigint, primary key (postSeq))
create table Post (postSeq bigint not null, code varchar(255), comment varchar(255), groupSeq bigint, qListName varchar(255), qListid bigint, stack varchar(255), userid varchar(255), week bigint, primary key (postSeq));
INFO  22-05-15 16:28:50[main] [p6spy:60] - #1652599730540 | took 3ms | statement | connection 2| url jdbc:h2:file:~/codeus
create table User (user_seq bigint generated by default as identity, createdAt timestamp, updatedAt timestamp, group_code varchar(255), id varchar(255) not null, img varchar(255), pwd varchar(255) not null, question varchar(255) not null, primary key (user_seq))
create table User (user_seq bigint generated by default as identity, createdAt timestamp, updatedAt timestamp, group_code varchar(255), id varchar(255) not null, img varchar(255), pwd varchar(255) not null, question varchar(255) not null, primary key (user_seq));
INFO  22-05-15 16:28:50[main] [p6spy:60] - #1652599730542 | took 0ms | statement | connection 2| url jdbc:h2:file:~/codeus
alter table Group__users add constraint UK_592mq8c74jrty5gejaxslwdku unique (users_user_seq)
alter table Group__users add constraint UK_592mq8c74jrty5gejaxslwdku unique (users_user_seq);
INFO  22-05-15 16:28:50[main] [p6spy:60] - #1652599730552 | took 9ms | statement | connection 2| url jdbc:h2:file:~/codeus
alter table Group__users add constraint FK9ydl1ps2ad41hficq3v3q69ht foreign key (users_user_seq) references User
alter table Group__users add constraint FK9ydl1ps2ad41hficq3v3q69ht foreign key (users_user_seq) references User;
INFO  22-05-15 16:28:50[main] [p6spy:60] - #1652599730555 | took 2ms | statement | connection 2| url jdbc:h2:file:~/codeus
alter table Group__users add constraint FKjwn6jag7tnn9os8j7e2hspshy foreign key (Group__groupSeq) references Group_
alter table Group__users add constraint FKjwn6jag7tnn9os8j7e2hspshy foreign key (Group__groupSeq) references Group_;
INFO  22-05-15 16:28:50[main] [JtaPlatformInitiator:52] - HHH000490: Using JtaPlatform implementation: [org.hibernate.engine.transaction.jta.platform.internal.NoJtaPlatform]
INFO  22-05-15 16:28:50[main] [LocalContainerEntityManagerFactoryBean:437] - Initialized JPA EntityManagerFactory for persistence unit 'default'
WARN  22-05-15 16:28:51[main] [JpaBaseConfiguration$JpaWebConfiguration:219] - spring.jpa.open-in-view is enabled by default. Therefore, database queries may be performed during view rendering. Explicitly configure spring.jpa.open-in-view to disable this warning
INFO  22-05-15 16:28:52[main] [H2ConsoleAutoConfiguration:89] - H2 console available at '/h2_db'. Database available at 'jdbc:h2:file:~/codeus'
WARN  22-05-15 16:28:52[main] [ThymeleafAutoConfiguration$DefaultTemplateResolverConfiguration:104] - Cannot find template location: classpath:/templates/ (please add some templates or check your Thymeleaf configuration)
INFO  22-05-15 16:28:52[main] [UserTest:61] - Started UserTest in 7.303 seconds (JVM running for 8.912)
INFO  22-05-15 16:28:52[main] [p6spy:60] - #1652599732936 | took 2ms | statement | connection 4| url jdbc:h2:file:~/codeus
insert into User (user_seq, createdAt, updatedAt, group_code, id, img, pwd, question) values (default, ?, ?, ?, ?, ?, ?, ?)
insert into User (user_seq, createdAt, updatedAt, group_code, id, img, pwd, question) values (default, '2022-05-15T16:28:52.869+0900', '2022-05-15T16:28:52.869+0900', NULL, 'user1', NULL, '1234', '1 질문');
INFO  22-05-15 16:28:52[main] [p6spy:60] - #1652599732953 | took 0ms | commit | connection 4| url jdbc:h2:file:~/codeus

;
INFO  22-05-15 16:28:53[main] [p6spy:60] - #1652599733049 | took 2ms | statement | connection 5| url jdbc:h2:file:~/codeus
select user0_.user_seq as user_seq1_3_, user0_.createdAt as createda2_3_, user0_.updatedAt as updateda3_3_, user0_.group_code as group_co4_3_, user0_.id as id5_3_, user0_.img as img6_3_, user0_.pwd as pwd7_3_, user0_.question as question8_3_ from User user0_
select user0_.user_seq as user_seq1_3_, user0_.createdAt as createda2_3_, user0_.updatedAt as updateda3_3_, user0_.group_code as group_co4_3_, user0_.id as id5_3_, user0_.img as img6_3_, user0_.pwd as pwd7_3_, user0_.question as question8_3_ from User user0_;
INFO  22-05-15 16:28:53[main] [p6spy:60] - #1652599733057 | took 0ms | commit | connection 5| url jdbc:h2:file:~/codeus

;
INFO  22-05-15 16:28:53[SpringApplicationShutdownHook] [LocalContainerEntityManagerFactoryBean:651] - Closing JPA EntityManagerFactory for persistence unit 'default'
INFO  22-05-15 16:28:53[SpringApplicationShutdownHook] [HikariDataSource:350] - HikariPool-1 - Shutdown initiated...
INFO  22-05-15 16:28:53[SpringApplicationShutdownHook] [HikariDataSource:352] - HikariPool-1 - Shutdown completed.
INFO  22-05-15 16:30:24[main] [UserTest:55] - Starting UserTest using Java 11.0.12 on hweyoungui-MacBookAir.local with PID 64207 (started by hweyoung in /Users/hweyoung/Desktop/codeus/codeus)
INFO  22-05-15 16:30:24[main] [UserTest:640] - No active profile set, falling back to 1 default profile: "default"
INFO  22-05-15 16:30:26[main] [RepositoryConfigurationDelegate:132] - Bootstrapping Spring Data JPA repositories in DEFAULT mode.
INFO  22-05-15 16:30:26[main] [RepositoryConfigurationDelegate:201] - Finished Spring Data repository scanning in 156 ms. Found 3 JPA repository interfaces.
INFO  22-05-15 16:30:27[main] [LogHelper:31] - HHH000204: Processing PersistenceUnitInfo [name: default]
INFO  22-05-15 16:30:27[main] [Version:44] - HHH000412: Hibernate ORM core version 5.6.7.Final
INFO  22-05-15 16:30:28[main] [Version:56] - HCANN000001: Hibernate Commons Annotations {5.1.2.Final}
INFO  22-05-15 16:30:28[main] [HikariDataSource:110] - HikariPool-1 - Starting...
INFO  22-05-15 16:30:28[main] [HikariDataSource:123] - HikariPool-1 - Start completed.
INFO  22-05-15 16:30:28[main] [Dialect:175] - HHH000400: Using dialect: org.hibernate.dialect.H2Dialect
INFO  22-05-15 16:30:29[main] [p6spy:60] - #1652599829346 | took 6ms | statement | connection 1| url jdbc:h2:file:~/codeus
drop table if exists Group_ CASCADE 
drop table if exists Group_ CASCADE ;
INFO  22-05-15 16:30:29[main] [p6spy:60] - #1652599829352 | took 3ms | statement | connection 1| url jdbc:h2:file:~/codeus
drop table if exists Group__users CASCADE 
drop table if exists Group__users CASCADE ;
INFO  22-05-15 16:30:29[main] [p6spy:60] - #1652599829356 | took 3ms | statement | connection 1| url jdbc:h2:file:~/codeus
drop table if exists Post CASCADE 
drop table if exists Post CASCADE ;
INFO  22-05-15 16:30:29[main] [p6spy:60] - #1652599829359 | took 2ms | statement | connection 1| url jdbc:h2:file:~/codeus
drop table if exists User CASCADE 
drop table if exists User CASCADE ;
INFO  22-05-15 16:30:29[main] [p6spy:60] - #1652599829361 | took 0ms | statement | connection 1| url jdbc:h2:file:~/codeus
drop sequence if exists hibernate_sequence
drop sequence if exists hibernate_sequence;
INFO  22-05-15 16:30:29[main] [p6spy:60] - #1652599829366 | took 2ms | statement | connection 2| url jdbc:h2:file:~/codeus
create sequence hibernate_sequence start with 1 increment by 1
create sequence hibernate_sequence start with 1 increment by 1;
INFO  22-05-15 16:30:29[main] [p6spy:60] - #1652599829371 | took 3ms | statement | connection 2| url jdbc:h2:file:~/codeus
create table Group_ (groupSeq bigint not null, name varchar(255), primary key (groupSeq))
create table Group_ (groupSeq bigint not null, name varchar(255), primary key (groupSeq));
INFO  22-05-15 16:30:29[main] [p6spy:60] - #1652599829373 | took 0ms | statement | connection 2| url jdbc:h2:file:~/codeus
create table Group__users (Group__groupSeq bigint not null, users_user_seq bigint not null)
create table Group__users (Group__groupSeq bigint not null, users_user_seq bigint not null);
INFO  22-05-15 16:30:29[main] [p6spy:60] - #1652599829375 | took 1ms | statement | connection 2| url jdbc:h2:file:~/codeus
create table Post (postSeq bigint not null, code varchar(255), comment varchar(255), groupSeq bigint, qListName varchar(255), qListid bigint, stack varchar(255), userid varchar(255), week bigint, primary key (postSeq))
create table Post (postSeq bigint not null, code varchar(255), comment varchar(255), groupSeq bigint, qListName varchar(255), qListid bigint, stack varchar(255), userid varchar(255), week bigint, primary key (postSeq));
INFO  22-05-15 16:30:29[main] [p6spy:60] - #1652599829381 | took 2ms | statement | connection 2| url jdbc:h2:file:~/codeus
create table User (user_seq bigint generated by default as identity, createdAt timestamp, updatedAt timestamp, group_code varchar(255), id varchar(255) not null, img varchar(255), pwd varchar(255) not null, question varchar(255) not null, primary key (user_seq))
create table User (user_seq bigint generated by default as identity, createdAt timestamp, updatedAt timestamp, group_code varchar(255), id varchar(255) not null, img varchar(255), pwd varchar(255) not null, question varchar(255) not null, primary key (user_seq));
INFO  22-05-15 16:30:29[main] [p6spy:60] - #1652599829383 | took 1ms | statement | connection 2| url jdbc:h2:file:~/codeus
alter table Group__users add constraint UK_592mq8c74jrty5gejaxslwdku unique (users_user_seq)
alter table Group__users add constraint UK_592mq8c74jrty5gejaxslwdku unique (users_user_seq);
INFO  22-05-15 16:30:29[main] [p6spy:60] - #1652599829393 | took 9ms | statement | connection 2| url jdbc:h2:file:~/codeus
alter table Group__users add constraint FK9ydl1ps2ad41hficq3v3q69ht foreign key (users_user_seq) references User
alter table Group__users add constraint FK9ydl1ps2ad41hficq3v3q69ht foreign key (users_user_seq) references User;
INFO  22-05-15 16:30:29[main] [p6spy:60] - #1652599829401 | took 6ms | statement | connection 2| url jdbc:h2:file:~/codeus
alter table Group__users add constraint FKjwn6jag7tnn9os8j7e2hspshy foreign key (Group__groupSeq) references Group_
alter table Group__users add constraint FKjwn6jag7tnn9os8j7e2hspshy foreign key (Group__groupSeq) references Group_;
INFO  22-05-15 16:30:29[main] [JtaPlatformInitiator:52] - HHH000490: Using JtaPlatform implementation: [org.hibernate.engine.transaction.jta.platform.internal.NoJtaPlatform]
INFO  22-05-15 16:30:29[main] [LocalContainerEntityManagerFactoryBean:437] - Initialized JPA EntityManagerFactory for persistence unit 'default'
WARN  22-05-15 16:30:30[main] [JpaBaseConfiguration$JpaWebConfiguration:219] - spring.jpa.open-in-view is enabled by default. Therefore, database queries may be performed during view rendering. Explicitly configure spring.jpa.open-in-view to disable this warning
INFO  22-05-15 16:30:30[main] [H2ConsoleAutoConfiguration:89] - H2 console available at '/h2_db'. Database available at 'jdbc:h2:file:~/codeus'
WARN  22-05-15 16:30:31[main] [ThymeleafAutoConfiguration$DefaultTemplateResolverConfiguration:104] - Cannot find template location: classpath:/templates/ (please add some templates or check your Thymeleaf configuration)
INFO  22-05-15 16:30:31[main] [UserTest:61] - Started UserTest in 7.884 seconds (JVM running for 9.497)
INFO  22-05-15 16:30:31[main] [p6spy:60] - #1652599831929 | took 2ms | statement | connection 4| url jdbc:h2:file:~/codeus
insert into User (user_seq, createdAt, updatedAt, group_code, id, img, pwd, question) values (default, ?, ?, ?, ?, ?, ?, ?)
insert into User (user_seq, createdAt, updatedAt, group_code, id, img, pwd, question) values (default, '2022-05-15T16:30:31.865+0900', '2022-05-15T16:30:31.865+0900', NULL, 'user1', NULL, '1234', '1 질문');
INFO  22-05-15 16:30:31[main] [p6spy:60] - #1652599831950 | took 0ms | commit | connection 4| url jdbc:h2:file:~/codeus

;
INFO  22-05-15 16:30:32[main] [p6spy:60] - #1652599832062 | took 2ms | statement | connection 5| url jdbc:h2:file:~/codeus
select user0_.user_seq as user_seq1_3_, user0_.createdAt as createda2_3_, user0_.updatedAt as updateda3_3_, user0_.group_code as group_co4_3_, user0_.id as id5_3_, user0_.img as img6_3_, user0_.pwd as pwd7_3_, user0_.question as question8_3_ from User user0_
select user0_.user_seq as user_seq1_3_, user0_.createdAt as createda2_3_, user0_.updatedAt as updateda3_3_, user0_.group_code as group_co4_3_, user0_.id as id5_3_, user0_.img as img6_3_, user0_.pwd as pwd7_3_, user0_.question as question8_3_ from User user0_;
INFO  22-05-15 16:30:32[main] [p6spy:60] - #1652599832071 | took 0ms | commit | connection 5| url jdbc:h2:file:~/codeus

;
INFO  22-05-15 16:30:32[SpringApplicationShutdownHook] [LocalContainerEntityManagerFactoryBean:651] - Closing JPA EntityManagerFactory for persistence unit 'default'
INFO  22-05-15 16:30:32[SpringApplicationShutdownHook] [HikariDataSource:350] - HikariPool-1 - Shutdown initiated...
INFO  22-05-15 16:30:32[SpringApplicationShutdownHook] [HikariDataSource:352] - HikariPool-1 - Shutdown completed.
INFO  22-05-15 16:31:28[restartedMain] [CodeusApplication:55] - Starting CodeusApplication using Java 11.0.12 on hweyoungui-MacBookAir.local with PID 64214 (/Users/hweyoung/Desktop/codeus/codeus/out/production/classes started by hweyoung in /Users/hweyoung/Desktop/codeus/codeus)
INFO  22-05-15 16:31:28[restartedMain] [CodeusApplication:640] - No active profile set, falling back to 1 default profile: "default"
INFO  22-05-15 16:31:28[restartedMain] [DevToolsPropertyDefaultsPostProcessor:255] - Devtools property defaults active! Set 'spring.devtools.add-properties' to 'false' to disable
INFO  22-05-15 16:31:28[restartedMain] [DevToolsPropertyDefaultsPostProcessor:255] - For additional web related logging consider setting the 'logging.level.web' property to 'DEBUG'
INFO  22-05-15 16:31:29[restartedMain] [RepositoryConfigurationDelegate:132] - Bootstrapping Spring Data JPA repositories in DEFAULT mode.
INFO  22-05-15 16:31:29[restartedMain] [RepositoryConfigurationDelegate:201] - Finished Spring Data repository scanning in 58 ms. Found 3 JPA repository interfaces.
INFO  22-05-15 16:31:29[restartedMain] [TomcatWebServer:108] - Tomcat initialized with port(s): 8080 (http)
INFO  22-05-15 16:31:29[restartedMain] [Http11NioProtocol:173] - Initializing ProtocolHandler ["http-nio-8080"]
INFO  22-05-15 16:31:29[restartedMain] [StandardService:173] - Starting service [Tomcat]
INFO  22-05-15 16:31:29[restartedMain] [StandardEngine:173] - Starting Servlet engine: [Apache Tomcat/9.0.60]
INFO  22-05-15 16:31:29[restartedMain] [[/]:173] - Initializing Spring embedded WebApplicationContext
INFO  22-05-15 16:31:29[restartedMain] [ServletWebServerApplicationContext:290] - Root WebApplicationContext: initialization completed in 1644 ms
INFO  22-05-15 16:31:30[restartedMain] [HikariDataSource:110] - HikariPool-1 - Starting...
INFO  22-05-15 16:31:30[restartedMain] [HikariDataSource:123] - HikariPool-1 - Start completed.
INFO  22-05-15 16:31:30[restartedMain] [H2ConsoleAutoConfiguration:89] - H2 console available at '/h2_db'. Database available at 'jdbc:h2:file:~/codeus'
INFO  22-05-15 16:31:30[restartedMain] [LogHelper:31] - HHH000204: Processing PersistenceUnitInfo [name: default]
INFO  22-05-15 16:31:30[restartedMain] [Version:44] - HHH000412: Hibernate ORM core version 5.6.7.Final
INFO  22-05-15 16:31:30[restartedMain] [Version:56] - HCANN000001: Hibernate Commons Annotations {5.1.2.Final}
INFO  22-05-15 16:31:30[restartedMain] [Dialect:175] - HHH000400: Using dialect: org.hibernate.dialect.H2Dialect
INFO  22-05-15 16:31:30[restartedMain] [p6spy:60] - #1652599890897 | took 2ms | statement | connection 2| url jdbc:h2:file:~/codeus
drop table if exists Group_ CASCADE 
drop table if exists Group_ CASCADE ;
INFO  22-05-15 16:31:30[restartedMain] [p6spy:60] - #1652599890900 | took 1ms | statement | connection 2| url jdbc:h2:file:~/codeus
drop table if exists Group__users CASCADE 
drop table if exists Group__users CASCADE ;
INFO  22-05-15 16:31:30[restartedMain] [p6spy:60] - #1652599890903 | took 2ms | statement | connection 2| url jdbc:h2:file:~/codeus
drop table if exists Post CASCADE 
drop table if exists Post CASCADE ;
INFO  22-05-15 16:31:30[restartedMain] [p6spy:60] - #1652599890906 | took 2ms | statement | connection 2| url jdbc:h2:file:~/codeus
drop table if exists User CASCADE 
drop table if exists User CASCADE ;
INFO  22-05-15 16:31:30[restartedMain] [p6spy:60] - #1652599890907 | took 0ms | statement | connection 2| url jdbc:h2:file:~/codeus
drop sequence if exists hibernate_sequence
drop sequence if exists hibernate_sequence;
INFO  22-05-15 16:31:30[restartedMain] [p6spy:60] - #1652599890910 | took 1ms | statement | connection 3| url jdbc:h2:file:~/codeus
create sequence hibernate_sequence start with 1 increment by 1
create sequence hibernate_sequence start with 1 increment by 1;
INFO  22-05-15 16:31:30[restartedMain] [p6spy:60] - #1652599890913 | took 2ms | statement | connection 3| url jdbc:h2:file:~/codeus
create table Group_ (groupSeq bigint not null, name varchar(255), primary key (groupSeq))
create table Group_ (groupSeq bigint not null, name varchar(255), primary key (groupSeq));
INFO  22-05-15 16:31:30[restartedMain] [p6spy:60] - #1652599890914 | took 0ms | statement | connection 3| url jdbc:h2:file:~/codeus
create table Group__users (Group__groupSeq bigint not null, users_user_seq bigint not null)
create table Group__users (Group__groupSeq bigint not null, users_user_seq bigint not null);
INFO  22-05-15 16:31:30[restartedMain] [p6spy:60] - #1652599890915 | took 1ms | statement | connection 3| url jdbc:h2:file:~/codeus
create table Post (postSeq bigint not null, code varchar(255), comment varchar(255), groupSeq bigint, qListName varchar(255), qListid bigint, stack varchar(255), userid varchar(255), week bigint, primary key (postSeq))
create table Post (postSeq bigint not null, code varchar(255), comment varchar(255), groupSeq bigint, qListName varchar(255), qListid bigint, stack varchar(255), userid varchar(255), week bigint, primary key (postSeq));
INFO  22-05-15 16:31:30[restartedMain] [p6spy:60] - #1652599890918 | took 2ms | statement | connection 3| url jdbc:h2:file:~/codeus
create table User (user_seq bigint generated by default as identity, createdAt timestamp, updatedAt timestamp, group_code varchar(255), id varchar(255) not null, img varchar(255), pwd varchar(255) not null, question varchar(255) not null, primary key (user_seq))
create table User (user_seq bigint generated by default as identity, createdAt timestamp, updatedAt timestamp, group_code varchar(255), id varchar(255) not null, img varchar(255), pwd varchar(255) not null, question varchar(255) not null, primary key (user_seq));
INFO  22-05-15 16:31:30[restartedMain] [p6spy:60] - #1652599890919 | took 0ms | statement | connection 3| url jdbc:h2:file:~/codeus
alter table Group__users add constraint UK_592mq8c74jrty5gejaxslwdku unique (users_user_seq)
alter table Group__users add constraint UK_592mq8c74jrty5gejaxslwdku unique (users_user_seq);
INFO  22-05-15 16:31:30[restartedMain] [p6spy:60] - #1652599890925 | took 5ms | statement | connection 3| url jdbc:h2:file:~/codeus
alter table Group__users add constraint FK9ydl1ps2ad41hficq3v3q69ht foreign key (users_user_seq) references User
alter table Group__users add constraint FK9ydl1ps2ad41hficq3v3q69ht foreign key (users_user_seq) references User;
INFO  22-05-15 16:31:30[restartedMain] [p6spy:60] - #1652599890927 | took 1ms | statement | connection 3| url jdbc:h2:file:~/codeus
alter table Group__users add constraint FKjwn6jag7tnn9os8j7e2hspshy foreign key (Group__groupSeq) references Group_
alter table Group__users add constraint FKjwn6jag7tnn9os8j7e2hspshy foreign key (Group__groupSeq) references Group_;
INFO  22-05-15 16:31:30[restartedMain] [JtaPlatformInitiator:52] - HHH000490: Using JtaPlatform implementation: [org.hibernate.engine.transaction.jta.platform.internal.NoJtaPlatform]
INFO  22-05-15 16:31:30[restartedMain] [LocalContainerEntityManagerFactoryBean:437] - Initialized JPA EntityManagerFactory for persistence unit 'default'
WARN  22-05-15 16:31:31[restartedMain] [JpaBaseConfiguration$JpaWebConfiguration:219] - spring.jpa.open-in-view is enabled by default. Therefore, database queries may be performed during view rendering. Explicitly configure spring.jpa.open-in-view to disable this warning
WARN  22-05-15 16:31:31[restartedMain] [ThymeleafAutoConfiguration$DefaultTemplateResolverConfiguration:104] - Cannot find template location: classpath:/templates/ (please add some templates or check your Thymeleaf configuration)
INFO  22-05-15 16:31:31[restartedMain] [OptionalLiveReloadServer:58] - LiveReload server is running on port 35729
INFO  22-05-15 16:31:31[restartedMain] [Http11NioProtocol:173] - Starting ProtocolHandler ["http-nio-8080"]
INFO  22-05-15 16:31:31[restartedMain] [TomcatWebServer:220] - Tomcat started on port(s): 8080 (http) with context path ''
INFO  22-05-15 16:31:31[restartedMain] [CodeusApplication:61] - Started CodeusApplication in 4.278 seconds (JVM running for 5.165)
INFO  22-05-15 16:31:38[http-nio-8080-exec-1] [[/]:173] - Initializing Spring DispatcherServlet 'dispatcherServlet'
INFO  22-05-15 16:31:38[http-nio-8080-exec-1] [DispatcherServlet:525] - Initializing Servlet 'dispatcherServlet'
INFO  22-05-15 16:31:38[http-nio-8080-exec-1] [DispatcherServlet:547] - Completed initialization in 2 ms
INFO  22-05-15 16:31:38[http-nio-8080-exec-1] [p6spy:60] - #1652599898645 | took 1ms | statement | connection 4| url jdbc:h2:file:~/codeus
insert into User (user_seq, createdAt, updatedAt, group_code, id, img, pwd, question) values (default, ?, ?, ?, ?, ?, ?, ?)
insert into User (user_seq, createdAt, updatedAt, group_code, id, img, pwd, question) values (default, '2022-05-15T16:31:38.605+0900', '2022-05-15T16:31:38.605+0900', NULL, 'user1', NULL, '03ac674216f3e15c761ee1a5e255f067953623c8b388b4459e13f978d7c846f4', '1 랑이');
INFO  22-05-15 16:31:38[http-nio-8080-exec-1] [p6spy:60] - #1652599898662 | took 0ms | commit | connection 4| url jdbc:h2:file:~/codeus

;
INFO  22-05-15 16:31:58[SpringApplicationShutdownHook] [LocalContainerEntityManagerFactoryBean:651] - Closing JPA EntityManagerFactory for persistence unit 'default'
INFO  22-05-15 16:31:58[SpringApplicationShutdownHook] [HikariDataSource:350] - HikariPool-1 - Shutdown initiated...
INFO  22-05-15 16:31:58[SpringApplicationShutdownHook] [HikariDataSource:352] - HikariPool-1 - Shutdown completed.
